# JRE version: Java(TM) SE Runtime Environment (8.0_191-b12) (build 1.8.0_191-b12)
# Java VM: Java HotSpot(TM) 64-Bit Server VM (25.191-b12 mixed mode windows-amd64 compressed oops)
Heap:
 PSYoungGen      total 673280K, used 254731K [0x000000076b180000, 0x00000007a9d80000, 0x00000007c0000000)
  eden space 481792K, 52% used [0x000000076b180000,0x000000077aa42e38,0x0000000788800000)
  from space 191488K, 0% used [0x0000000788800000,0x0000000788800000,0x0000000794300000)
  to   space 253952K, 0% used [0x000000079a580000,0x000000079a580000,0x00000007a9d80000)
 ParOldGen       total 1847808K, used 1205976K [0x00000006c1400000, 0x0000000732080000, 0x000000076b180000)
  object space 1847808K, 65% used [0x00000006c1400000,0x000000070adb6048,0x0000000732080000)
 Metaspace       used 46989K, capacity 47398K, committed 47576K, reserved 1089536K
  class space    used 6447K, capacity 6562K, committed 6656K, reserved 1048576K
GC Heap History (10 events):
Event: 19.614 GC heap before
{Heap before GC invocations=25 (full 7):
 PSYoungGen      total 609280K, used 3936K [0x000000076b180000, 0x0000000797b00000, 0x00000007c0000000)
  eden space 492032K, 0% used [0x000000076b180000,0x000000076b180000,0x0000000789200000)
  from space 117248K, 3% used [0x0000000790580000,0x0000000790958000,0x0000000797800000)
  to   space 118272K, 0% used [0x0000000789200000,0x0000000789200000,0x0000000790580000)
 ParOldGen       total 1039360K, used 843519K [0x00000006c1400000, 0x0000000700b00000, 0x000000076b180000)
  object space 1039360K, 81% used [0x00000006c1400000,0x00000006f4bbfdf0,0x0000000700b00000)
 Metaspace       used 46709K, capacity 47078K, committed 47192K, reserved 1089536K
  class space    used 6397K, capacity 6498K, committed 6528K, reserved 1048576K
Event: 19.781 GC heap after
Heap after GC invocations=25 (full 7):
 PSYoungGen      total 609280K, used 0K [0x000000076b180000, 0x0000000797b00000, 0x00000007c0000000)
  eden space 492032K, 0% used [0x000000076b180000,0x000000076b180000,0x0000000789200000)
  from space 117248K, 0% used [0x0000000790580000,0x0000000790580000,0x0000000797800000)
  to   space 118272K, 0% used [0x0000000789200000,0x0000000789200000,0x0000000790580000)
 ParOldGen       total 1405440K, used 572814K [0x00000006c1400000, 0x0000000717080000, 0x000000076b180000)
  object space 1405440K, 40% used [0x00000006c1400000,0x00000006e43638b8,0x0000000717080000)
 Metaspace       used 46709K, capacity 47078K, committed 47192K, reserved 1089536K
  class space    used 6397K, capacity 6498K, committed 6528K, reserved 1048576K
}
Event: 20.194 GC heap before
{Heap before GC invocations=26 (full 7):
 PSYoungGen      total 609280K, used 492032K [0x000000076b180000, 0x0000000797b00000, 0x00000007c0000000)
  eden space 492032K, 100% used [0x000000076b180000,0x0000000789200000,0x0000000789200000)
  from space 117248K, 0% used [0x0000000790580000,0x0000000790580000,0x0000000797800000)
  to   space 118272K, 0% used [0x0000000789200000,0x0000000789200000,0x0000000790580000)
 ParOldGen       total 1405440K, used 572814K [0x00000006c1400000, 0x0000000717080000, 0x000000076b180000)
  object space 1405440K, 40% used [0x00000006c1400000,0x00000006e43638b8,0x0000000717080000)
 Metaspace       used 46810K, capacity 47174K, committed 47576K, reserved 1089536K
  class space    used 6416K, capacity 6530K, committed 6656K, reserved 1048576K
Event: 20.259 GC heap after
Heap after GC invocations=26 (full 7):
 PSYoungGen      total 610304K, used 105760K [0x000000076b180000, 0x000000079c580000, 0x00000007c0000000)
  eden space 492032K, 0% used [0x000000076b180000,0x000000076b180000,0x0000000789200000)
  from space 118272K, 89% used [0x0000000789200000,0x000000078f9483d0,0x0000000790580000)
  to   space 133632K, 0% used [0x0000000794300000,0x0000000794300000,0x000000079c580000)
 ParOldGen       total 1405440K, used 709055K [0x00000006c1400000, 0x0000000717080000, 0x000000076b180000)
  object space 1405440K, 50% used [0x00000006c1400000,0x00000006ec86feb0,0x0000000717080000)
 Metaspace       used 46810K, capacity 47174K, committed 47576K, reserved 1089536K
  class space    used 6416K, capacity 6530K, committed 6656K, reserved 1048576K
}
Event: 21.988 GC heap before
{Heap before GC invocations=27 (full 7):
 PSYoungGen      total 610304K, used 597792K [0x000000076b180000, 0x000000079c580000, 0x00000007c0000000)
  eden space 492032K, 100% used [0x000000076b180000,0x0000000789200000,0x0000000789200000)
  from space 118272K, 89% used [0x0000000789200000,0x000000078f9483d0,0x0000000790580000)
  to   space 133632K, 0% used [0x0000000794300000,0x0000000794300000,0x000000079c580000)
 ParOldGen       total 1405440K, used 709055K [0x00000006c1400000, 0x0000000717080000, 0x000000076b180000)
  object space 1405440K, 50% used [0x00000006c1400000,0x00000006ec86feb0,0x0000000717080000)
 Metaspace       used 46908K, capacity 47270K, committed 47576K, reserved 1089536K
  class space    used 6440K, capacity 6562K, committed 6656K, reserved 1048576K
Event: 22.060 GC heap after
Heap after GC invocations=27 (full 7):
 PSYoungGen      total 615424K, used 133601K [0x000000076b180000, 0x00000007a3300000, 0x00000007c0000000)
  eden space 481792K, 0% used [0x000000076b180000,0x000000076b180000,0x0000000788800000)
  from space 133632K, 99% used [0x0000000794300000,0x000000079c578720,0x000000079c580000)
  to   space 191488K, 0% used [0x0000000788800000,0x0000000788800000,0x0000000794300000)
 ParOldGen       total 1405440K, used 805415K [0x00000006c1400000, 0x0000000717080000, 0x000000076b180000)
  object space 1405440K, 57% used [0x00000006c1400000,0x00000006f2689ec8,0x0000000717080000)
 Metaspace       used 46908K, capacity 47270K, committed 47576K, reserved 1089536K
  class space    used 6440K, capacity 6562K, committed 6656K, reserved 1048576K
}
Event: 24.386 GC heap before
{Heap before GC invocations=28 (full 7):
 PSYoungGen      total 615424K, used 615393K [0x000000076b180000, 0x00000007a3300000, 0x00000007c0000000)
  eden space 481792K, 100% used [0x000000076b180000,0x0000000788800000,0x0000000788800000)
  from space 133632K, 99% used [0x0000000794300000,0x000000079c578720,0x000000079c580000)
  to   space 191488K, 0% used [0x0000000788800000,0x0000000788800000,0x0000000794300000)
 ParOldGen       total 1405440K, used 805415K [0x00000006c1400000, 0x0000000717080000, 0x000000076b180000)
  object space 1405440K, 57% used [0x00000006c1400000,0x00000006f2689ec8,0x0000000717080000)
 Metaspace       used 46909K, capacity 47270K, committed 47576K, reserved 1089536K
  class space    used 6440K, capacity 6562K, committed 6656K, reserved 1048576K
Event: 24.460 GC heap after
Heap after GC invocations=28 (full 7):
 PSYoungGen      total 673280K, used 191481K [0x000000076b180000, 0x00000007a9d80000, 0x00000007c0000000)
  eden space 481792K, 0% used [0x000000076b180000,0x000000076b180000,0x0000000788800000)
  from space 191488K, 99% used [0x0000000788800000,0x00000007942fe5b0,0x0000000794300000)
  to   space 253952K, 0% used [0x000000079a580000,0x000000079a580000,0x00000007a9d80000)
 ParOldGen       total 1405440K, used 884863K [0x00000006c1400000, 0x0000000717080000, 0x000000076b180000)
  object space 1405440K, 62% used [0x00000006c1400000,0x00000006f741fec8,0x0000000717080000)
 Metaspace       used 46909K, capacity 47270K, committed 47576K, reserved 1089536K
  class space    used 6440K, capacity 6562K, committed 6656K, reserved 1048576K
}
Event: 26.030 GC heap before
{Heap before GC invocations=29 (full 8):
 PSYoungGen      total 673280K, used 672690K [0x000000076b180000, 0x00000007a9d80000, 0x00000007c0000000)
  eden space 481792K, 99% used [0x000000076b180000,0x000000078876e5e8,0x0000000788800000)
  from space 191488K, 99% used [0x0000000788800000,0x00000007942fe5b0,0x0000000794300000)
  to   space 253952K, 0% used [0x000000079a580000,0x000000079a580000,0x00000007a9d80000)
 ParOldGen       total 1405440K, used 1156735K [0x00000006c1400000, 0x0000000717080000, 0x000000076b180000)
  object space 1405440K, 82% used [0x00000006c1400000,0x0000000707d9fed8,0x0000000717080000)
 Metaspace       used 46918K, capacity 47334K, committed 47576K, reserved 1089536K
  class space    used 6440K, capacity 6562K, committed 6656K, reserved 1048576K
Event: 26.432 GC heap after
Heap after GC invocations=29 (full 8):
 PSYoungGen      total 673280K, used 0K [0x000000076b180000, 0x00000007a9d80000, 0x00000007c0000000)
  eden space 481792K, 0% used [0x000000076b180000,0x000000076b180000,0x0000000788800000)
  from space 191488K, 0% used [0x0000000788800000,0x0000000788800000,0x0000000794300000)
  to   space 253952K, 0% used [0x000000079a580000,0x000000079a580000,0x00000007a9d80000)
 ParOldGen       total 1847808K, used 926168K [0x00000006c1400000, 0x0000000732080000, 0x000000076b180000)
  object space 1847808K, 50% used [0x00000006c1400000,0x00000006f9c76038,0x0000000732080000)
 Metaspace       used 46918K, capacity 47334K, committed 47576K, reserved 1089536K
  class space    used 6440K, capacity 6562K, committed 6656K, reserved 1048576K
}

